123
J 1 8
D
FOR 3
R
B 21
END
L
FOR 3
R
B 11
END
F 29
J -29 17
F 29
J -1 28
F 29
J 4 -20
F 28
J 10 -2
F 26
J -4 -7
F 22
J -3 -7
F 20
J 1 -3
F 16
L
J -10 1
F 24
J 6 0
F 24
L
J 10 18
F 25
J -9 21
F 21
L
J 28 9
F 19
J 8 10
FOR 3
R
R
F 9
END
R
F 29
L
J -10 2
FOR 3
F 10
J 6 26
END
J -7 -8
F 19
J 7 4
FOR 3
F 9
J 6 27
END
J 14 -7
F 19
R
R
J 3 -16
FOR 4
F 9
J 27 6
END
J -1 15
F 11
J -2 6
F 7
J -6 -26
F 5
L
J -1 6
F 2
J -2 3
F 4
L
J 0 9
FOR 4
F 1
J 27 26
END
J -13 -7
FOR 3
J 24 24
END
J -23 -10
FOR 3
R
B 3
END
J -18 10
FOR 3
R
B 1
END
J -8 -18
J 19 17
FOR 3
R
F 2
END
J 5 0
FOR 2
R
F 1
END
J -22 5
J 4 -25
J 2 -3
J 4 11
J 1 -10
J 0 25
J 4 -25
J 2 8
J 1 18
J 6 -17
J 1 12
J 0 7
