87
J 12 18
D
F 21
J -5 -6
F 20
J 5 18
FOR 2
L
F 24
END
J -12 -20
F 16
J 8 2
F 17
R
J 1 6
F 17
J -10 0
F 14
L
L
J -10 -6
F 17
J -2 0
F 16
J 1 10
F 16
J 3 -4
F 10
L
J -6 5
F 16
J 8 -3
F 16
J -3 23
F 3
J 1 2
F 3
R
J -13 3
F 4
J 14 -16
F 8
J -6 -3
F 1
J 5 6
F 3
J 5 -11
F 1
J 9 0
F 1
J -16 7
R
F 4
J -12 2
F 3
J -6 1
J 3 8
J 2 -22
J 0 9
R
J 3 -9
F 2
J 16 20
F 2
J -15 21
J 1 -3
J 2 -13
J 1 4
J 1 3
J 0 1
J 1 -5
J 0 11
J 2 -16
J 1 11
J 1 -6
J 0 2
J 2 -9
J 0 12
J 1 -9
J 1 5
J 2 -8
J 1 21
J 1 -13
J 0 9
J 0 1
J 1 3
