103
J 7 18
D
F 17
R
R
R
J -7 1
F 14
J -12 -1
F 5
J -3 0
F 5
R
J -9 -10
F 6
J 8 -11
F 3
J 10 13
F 3
R
F 3
R
J -10 -2
F 5
J 12 10
F 3
J 6 -15
F 3
J -2 16
F 3
J 4 -2
F 2
J 4 -8
F 3
J 7 -5
F 2
J 3 2
F 2
L
J -16 15
F 3
J -14 -7
F 2
J 9 -5
F 6
J 13 -4
F 2
J -9 3
FOR 6
L
F 1
END
J -3 -2
F 2
J 12 3
FOR 5
J 0 9
END
J -10 1
F 3
J 8 3
F 3
J 7 -11
F 1
J -9 0
FOR 2
R
B 2
END
J 1 -7
F 2
L
F 4
FOR 5
J 7 0
END
J -1 -8
F 1
J 13 2
F 1
J 4 -13
FOR 5
J 6 6
END
R
J -2 -11
F 3
J -1 4
F 1
J 5 3
F 1
J -15 -8
J 2 12
J 2 -16
J 1 7
J 5 1
J 1 -4
J 0 6
J 2 7
J 2 -8
J 0 5
J 1 -9
J 1 2
