95
J 3 0
D
F 24
J 10 -24
F 24
R
J -13 -19
F 24
J -24 9
F 24
R
J 0 -4
F 23
J -13 4
F 23
R
J 15 -6
F 4
L
J 0 9
F 3
J 6 -9
F 4
L
J 2 4
F 3
J -19 -5
F 1
L
F 3
J 3 -4
F 1
J 0 19
F 1
J 2 23
F 1
J 1 -4
F 2
J 3 -4
F 1
J 6 -8
F 2
R
J -16 8
F 1
J 6 -21
F 1
J 1 8
F 2
J 1 -11
F 2
J 4 18
F 1
J 0 -12
F 2
R
R
F 2
J -7 7
F 1
L
J -14 -6
F 3
J 1 6
F 1
J 4 5
F 2
J 3 -20
F 1
J -17 18
J 1 -6
J 0 4
J 2 1
J 5 5
J 1 -7
J 2 -10
J 2 1
J 0 9
J 1 -3
J 0 11
J 1 -17
J 0 15
J 2 2
J 1 -10
J 1 -12
J 0 14
J 2 -15
J 0 6
J 0 10
J 0 4
J 2 -19
J 0 5
J 0 6
J 0 3
J 0 5
