117
J 2 8
D
FOR 3
L
F 21
END
J 1 -8
FOR 2
R
F 21
END
L
L
L
J 8 -21
F 21
J -16 2
F 18
J 1 9
F 7
J 2 2
F 9
J 17 16
F 6
J -6 8
F 7
R
J -5 -3
F 7
J 9 -3
F 6
R
J 9 4
F 8
J -1 1
F 5
J 12 -7
F 5
J -4 2
F 6
J -19 -14
F 4
R
J -16 12
F 6
J -7 -14
F 6
J -1 -10
F 3
J 11 10
F 5
J 9 -17
F 4
J -10 6
FOR 4
L
F 4
END
J -5 14
FOR 8
J 15 0
END
R
J 9 -3
F 2
J 8 -1
F 4
J -16 3
F 6
J 2 2
F 4
L
F 3
J -5 -8
F 4
J 2 -6
F 6
J -1 -10
F 3
J -2 15
F 4
J -19 -15
FOR 8
J 3 3
END
L
J 0 16
F 1
J 5 -13
F 1
J 0 12
F 6
L
J -16 -15
F 6
J 12 6
F 5
J 18 -13
F 5
L
J 19 -1
F 3
J -19 -7
J 3 8
J 2 5
J 1 -18
J 0 15
J 1 -7
J 1 -7
J 0 4
J 3 -3
J 2 16
J 2 -18
J 1 8
J 1 -8
J 1 20
J 1 -16
