110
J 2 0
D
F 29
R
J 14 -22
FOR 3
L
F 28
END
J -20 12
F 29
J -1 9
F 29
R
J 12 -18
F 27
J -7 12
F 27
J -9 11
F 25
J -3 6
F 26
J 17 -5
F 22
J 15 19
F 19
L
L
L
L
L
L
L
F 15
J 12 3
F 12
J 14 8
F 10
R
J -20 0
F 10
R
J -11 -7
F 8
R
J -2 15
F 6
J 6 -6
F 3
J -11 6
F 4
J 0 10
F 3
J -1 -11
F 3
R
J -18 18
F 4
J 22 -6
F 2
J -24 20
F 3
J 14 -21
F 3
J 4 13
F 1
J 0 9
F 2
J 2 0
F 2
J 2 -10
F 2
J 0 6
F 1
J 2 9
F 1
L
J -13 9
F 3
L
J -3 -18
F 3
L
J 7 18
F 3
J -25 -13
J 25 2
FOR 3
J 0 26
END
J -25 18
J 1 -18
J 0 15
J 4 1
J 2 9
J 3 -29
J 1 8
J 0 13
J 0 2
J 3 -19
J 0 14
J 0 2
J 1 -7
J 0 13
J 1 -23
J 1 10
J 0 6
J 2 -3
J 1 -8
J 1 21
