106
R
R
J 18 10
D
F 19
J -9 -6
F 12
J -2 14
F 3
J -19 -11
F 2
J -2 13
F 2
J 2 -11
F 2
J 10 8
F 2
FOR 5
J 0 15
END
L
FOR 5
J 17 0
END
L
J -18 9
F 4
J 7 18
F 3
J 5 0
F 4
R
F 2
J -4 9
F 2
J 6 -4
F 2
R
R
F 2
J 2 -9
F 2
R
F 2
L
J 1 4
F 3
J 6 11
F 3
J -16 4
F 1
J 9 -6
FOR 6
J 17 17
END
J -6 14
F 1
J 0 2
F 1
J 2 -1
F 1
J 0 -8
F 1
J -1 6
F 2
J -1 2
F 2
J 2 5
F 1
J 1 1
F 1
R
J -15 -9
F 1
J 5 4
F 1
J 3 11
F 1
J 5 -17
F 1
R
J -2 -12
F 1
J 1 8
F 1
R
J 6 -13
F 1
J -18 -1
J 1 13
J 0 5
J 1 -9
J 1 -7
J 0 9
J 2 -9
J 0 12
J 1 -9
J 1 7
J 2 2
J 1 -9
J 3 14
J 2 -16
J 3 9
J 1 -3
J 1 -3
J 0 10
