113
R
R
J 8 19
D
FOR 6
F 24
J 1 13
END
R
R
J -4 -8
F 23
J 8 -15
F 23
R
J 5 11
F 10
L
F 4
L
J -7 10
F 9
J -2 15
F 3
J 13 -9
F 3
L
J 17 17
F 3
J -10 -1
F 3
J 0 -1
F 2
J 4 -12
F 3
J -2 13
F 2
J -4 -12
FOR 6
F 1
J 17 18
END
F 2
L
J -4 -10
F 2
J 9 19
F 3
J 8 11
F 2
J -21 2
F 6
J -2 -21
F 2
J -1 7
F 2
J -1 2
F 6
J -1 -16
F 4
J -3 -5
F 1
J 0 11
F 6
J -5 -7
F 1
J 6 8
F 2
R
J 0 5
F 1
J 6 16
F 2
J -1 -16
F 3
J -2 12
F 2
J 6 -17
F 1
J 3 -1
F 1
R
J -2 16
F 2
J -2 7
F 4
R
J 10 -13
F 1
J 6 14
F 2
J 0 9
F 1
J -16 -12
J 0 3
J 1 -12
J 1 10
J 1 -9
J 0 2
J 2 -1
J 0 10
J 1 -14
J 1 12
J 0 3
J 0 3
J 3 -4
J 4 -1
J 5 -13
J 0 16
J 1 -5
J 1 -9
J 2 1
J 0 3
