117
J 16 18
D
FOR 2
R
F 19
END
J 1 -14
FOR 3
F 15
J 12 6
END
L
F 11
J 18 3
F 19
L
J -14 -10
F 17
J 2 -10
F 16
J 4 4
F 15
J 2 13
F 13
J 6 -6
F 12
J -13 -4
F 8
R
J 10 -11
F 8
R
J 1 -12
F 13
J -7 2
F 9
L
J 4 2
F 9
L
J 10 4
F 7
FOR 7
L
B 2
END
R
R
F 5
L
J 8 14
F 6
J -3 -6
F 7
L
J -11 3
FOR 3
L
B 3
END
L
J 3 -3
F 6
L
J 5 -18
F 5
J -1 -14
FOR 5
L
B 3
END
L
F 4
J 8 -4
FOR 10
J 16 16
END
FOR 3
F 1
J 1 5
END
R
F 6
L
L
J 6 9
F 7
J -9 12
FOR 6
R
F 1
END
J 1 18
FOR 6
R
B 1
END
J -15 -17
F 3
J 12 6
F 3
J -2 0
F 4
L
J -20 -6
F 3
J 6 -5
F 4
J 4 -3
FOR 6
L
B 1
END
J -10 4
J 4 3
J 12 -14
J 1 7
