97
J 11 20
D
FOR 10
L
L
F 12
END
F 20
R
J -3 2
F 16
R
J 19 1
F 14
J -2 -11
F 11
J -7 -3
F 11
J -1 12
F 11
J 15 -4
F 13
J -6 -1
F 12
J -7 -3
F 11
J -5 -5
F 11
J -6 17
F 11
J 3 -15
F 8
J -17 4
F 20
L
J 12 3
F 12
L
J 10 -20
F 20
L
J -4 16
F 15
J 7 11
F 12
R
FOR 6
R
B 2
END
J 2 -8
F 2
R
J 9 9
F 3
J -10 -16
F 4
J -3 -9
F 4
J 1 8
F 11
FOR 4
J 0 5
END
J 11 17
F 3
R
F 1
J -9 -4
F 3
J 7 -3
F 1
L
J 3 18
F 2
L
J -11 -17
F 2
J 8 13
F 2
J 20 -5
F 2
FOR 3
J 0 12
END
FOR 3
J 15 15
END
J 0 10
J 1 -5
J 0 2
J 4 1
J 4 -12
J 0 3
J 0 8
J 2 -8
J 0 8
