100
J 3 12
D
F 21
J 16 12
F 18
J -4 -12
F 17
J 3 -18
F 16
J -12 -11
F 14
R
J 14 19
F 19
J -6 -1
F 16
R
J 2 15
F 21
J 3 -16
F 21
J 8 14
F 18
J -5 -6
F 17
J -8 -12
F 10
R
J 0 2
F 17
J -6 1
F 14
J 17 -10
F 15
J -8 -6
F 6
L
J 7 13
F 8
J -17 -4
F 7
J -3 -10
F 4
L
J 2 -4
F 14
J -3 4
F 6
J 2 19
F 5
L
J 5 7
F 4
R
J -19 -5
F 7
R
J -9 -16
F 8
J -7 7
F 3
J 9 10
F 6
J 3 -2
F 2
J 1 -13
F 3
J 5 11
F 2
J -1 -10
F 1
J 0 9
F 3
J -1 4
F 2
R
J -13 -2
F 6
J 8 -1
F 3
J -20 -1
R
J 14 1
F 3
J 8 9
F 2
J 0 14
F 5
J -20 0
J 2 -16
J 0 15
J 3 -15
J 0 2
J 0 2
J 0 6
J 1 -3
J 2 -7
J 1 7
J 1 -7
J 5 7
