119
J 1 7
D
FOR 4
L
F 17
END
FOR 2
L
B 11
END
R
FOR 2
L
F 17
END
R
FOR 2
L
F 18
END
J 17 -6
F 23
J 2 -6
F 22
J -5 -1
FOR 2
R
B 20
END
R
FOR 3
L
F 13
END
R
J 14 -7
F 22
J -3 7
F 18
R
F 9
J -6 -9
F 14
L
FOR 3
L
F 9
END
J 1 -19
F 14
FOR 2
L
B 5
END
L
J -8 -3
F 17
L
FOR 4
L
B 5
END
L
L
F 7
J -11 -4
F 10
FOR 2
R
F 5
END
J -4 -7
F 8
J 13 -12
FOR 3
R
B 5
END
R
R
J 2 3
F 11
J 5 -3
F 20
L
J 4 -6
F 22
L
J 6 17
F 16
J 14 -2
F 11
L
FOR 6
L
B 1
END
R
J 7 -15
F 13
J 14 -10
F 8
J -1 -20
FOR 5
L
B 4
END
L
L
J 14 -11
F 7
L
FOR 10
L
B 1
END
J -10 -9
J 2 11
J 13 -17
