91
R
J 0 17
D
F 23
R
J -23 -15
F 23
J -23 1
F 23
R
J -23 0
F 23
J -23 3
F 23
J -4 5
F 12
R
J 1 13
F 13
J -7 14
F 13
J 12 18
F 10
J 4 8
F 10
J 4 9
F 11
R
J -9 14
F 7
R
J 2 2
F 11
J 2 9
F 7
J -10 -5
F 7
J -9 -5
F 8
J 17 -1
F 10
L
J -7 -3
F 8
J -8 8
F 5
J 7 11
F 7
L
J 4 -3
F 7
L
J -4 -19
F 7
J -10 -5
F 7
J -1 -4
F 7
J -18 -17
F 5
J -5 -18
F 4
J 3 16
F 1
J 7 -4
F 3
J 5 9
F 4
J -3 -3
J 3 -2
J 0 2
J 0 5
J 1 -10
J 0 14
J 1 -9
J 3 8
J 1 -11
J 1 10
J 1 -10
L
J 9 -5
F 1
J -10 11
J 3 -8
J 1 4
J 1 -3
J 2 -2
J 1 8
J 1 2
J 2 1
J 1 5
