107
J 1 24
D
FOR 2
L
F 27
END
L
FOR 2
R
F 25
END
FOR 2
R
R
F 17
END
J 1 -16
F 20
J -4 2
F 19
J -13 -16
FOR 2
R
B 17
END
L
L
F 15
R
J 11 -6
F 20
J -8 3
F 19
R
J 8 4
F 17
J 18 -12
F 15
J 0 17
F 16
R
J -6 15
F 17
J 20 -7
F 17
J 15 5
F 15
J 9 -7
F 12
R
J 5 15
F 11
L
J -1 15
F 7
L
J 13 -10
F 26
J 20 15
F 7
J 11 -3
F 3
L
J -15 11
F 3
L
L
J 5 -16
F 5
J -7 19
FOR 4
L
F 2
END
J -8 14
F 1
J -17 0
FOR 2
R
F 2
END
R
J -7 -6
F 3
J 12 8
F 4
J -20 0
FOR 5
R
B 1
END
J 2 -4
J 2 5
FOR 6
L
B 1
END
J 1 13
J 2 -20
J 4 8
J 2 19
J 1 -7
J 4 -1
J 3 2
J 4 -8
J 1 -13
J 3 9
